Determining if the pthread_create exist failed with the following output:
Change Dir: /home/robodeck2/local_camera_ws/build/CMakeFiles/CMakeTmp

Run Build Command:"/usr/bin/make" "cmTC_9fe27/fast"
/usr/bin/make -f CMakeFiles/cmTC_9fe27.dir/build.make CMakeFiles/cmTC_9fe27.dir/build
make[1]: Entering directory '/home/robodeck2/local_camera_ws/build/CMakeFiles/CMakeTmp'
Building C object CMakeFiles/cmTC_9fe27.dir/CheckSymbolExists.c.o
/usr/bin/cc    -o CMakeFiles/cmTC_9fe27.dir/CheckSymbolExists.c.o   -c /home/robodeck2/local_camera_ws/build/CMakeFiles/CMakeTmp/CheckSymbolExists.c
Linking C executable cmTC_9fe27
/usr/bin/cmake -E cmake_link_script CMakeFiles/cmTC_9fe27.dir/link.txt --verbose=1
/usr/bin/cc      -rdynamic CMakeFiles/cmTC_9fe27.dir/CheckSymbolExists.c.o  -o cmTC_9fe27 
CMakeFiles/cmTC_9fe27.dir/CheckSymbolExists.c.o: In function `main':
CheckSymbolExists.c:(.text+0x14): undefined reference to `pthread_create'
CheckSymbolExists.c:(.text+0x18): undefined reference to `pthread_create'
collect2: error: ld returned 1 exit status
CMakeFiles/cmTC_9fe27.dir/build.make:97: recipe for target 'cmTC_9fe27' failed
make[1]: *** [cmTC_9fe27] Error 1
make[1]: Leaving directory '/home/robodeck2/local_camera_ws/build/CMakeFiles/CMakeTmp'
Makefile:126: recipe for target 'cmTC_9fe27/fast' failed
make: *** [cmTC_9fe27/fast] Error 2

File /home/robodeck2/local_camera_ws/build/CMakeFiles/CMakeTmp/CheckSymbolExists.c:
/* */
#include <pthread.h>

int main(int argc, char** argv)
{
  (void)argv;
#ifndef pthread_create
  return ((int*)(&pthread_create))[argc];
#else
  (void)argc;
  return 0;
#endif
}

Determining if the function pthread_create exists in the pthreads failed with the following output:
Change Dir: /home/robodeck2/local_camera_ws/build/CMakeFiles/CMakeTmp

Run Build Command:"/usr/bin/make" "cmTC_fdc84/fast"
/usr/bin/make -f CMakeFiles/cmTC_fdc84.dir/build.make CMakeFiles/cmTC_fdc84.dir/build
make[1]: Entering directory '/home/robodeck2/local_camera_ws/build/CMakeFiles/CMakeTmp'
Building C object CMakeFiles/cmTC_fdc84.dir/CheckFunctionExists.c.o
/usr/bin/cc   -DCHECK_FUNCTION_EXISTS=pthread_create   -o CMakeFiles/cmTC_fdc84.dir/CheckFunctionExists.c.o   -c /usr/share/cmake-3.10/Modules/CheckFunctionExists.c
Linking C executable cmTC_fdc84
/usr/bin/cmake -E cmake_link_script CMakeFiles/cmTC_fdc84.dir/link.txt --verbose=1
/usr/bin/cc  -DCHECK_FUNCTION_EXISTS=pthread_create    -rdynamic CMakeFiles/cmTC_fdc84.dir/CheckFunctionExists.c.o  -o cmTC_fdc84 -lpthreads 
/usr/bin/ld: cannot find -lpthreads
collect2: error: ld returned 1 exit status
CMakeFiles/cmTC_fdc84.dir/build.make:97: recipe for target 'cmTC_fdc84' failed
make[1]: *** [cmTC_fdc84] Error 1
make[1]: Leaving directory '/home/robodeck2/local_camera_ws/build/CMakeFiles/CMakeTmp'
Makefile:126: recipe for target 'cmTC_fdc84/fast' failed
make: *** [cmTC_fdc84/fast] Error 2


